iMPACT Version: Jun  2 2006 17:58:01

iMPACT log file Started on Wed Jun 09 15:26:07 2010

// *** BATCH CMD : setMode -bs
// *** BATCH CMD : setCable -port auto
AutoDetecting cable. Please wait.
Connecting to cable (Parallel Port - LPT1).
Checking cable driver.
 Driver windrvr6.sys version = 8.1.1.0. LPT base address = 0378h.
 ECP base address = 0778h.
 ECP hardware is detected.
Cable connection established.
Connecting to cable (Parallel Port - LPT1) in ECP mode.
Checking cable driver.
 Driver xpc4drvr.sys version = 1.0.4.0. LPT base address = 0378h.
 Cable Type = 1, Revision = 3.
 Setting cable speed to 5 MHz.
Cable connection established.
// *** BATCH CMD : Identify 
Identifying chain contents ....'1': : Manufacturer's ID =Xilinx xc2vp30, Version : 1
INFO:iMPACT:1777 - 
   Reading C:/Xilinx82/virtex2p/data/xc2vp30.bsd...
INFO:iMPACT:501 - '1': Added Device xc2vp30 successfully.
----------------------------------------------------------------------
----------------------------------------------------------------------
'2': : Manufacturer's ID =Xilinx xccace, Version : 0
INFO:iMPACT:1777 - 
   Reading C:/Xilinx82/acecf/data/xccace.bsd...
INFO:iMPACT:501 - '1': Added Device xccace successfully.
----------------------------------------------------------------------
----------------------------------------------------------------------
'3': : Manufacturer's ID =Xilinx xcf32p, Version : 15
INFO:iMPACT:1777 - 
   Reading C:/Xilinx82/xcfp/data/xcf32p.bsd...
INFO:iMPACT:501 - '1': Added Device xcf32p successfully.
----------------------------------------------------------------------
----------------------------------------------------------------------
done.
'1': Putting device in ISP mode...done.
Chain TCK freq = 15000000.
Validating chain...
Boundary-scan chain validated successfully.
Elapsed time =      0 sec.
// *** BATCH CMD : identifyMPM 
Elapsed time =      0 sec.
// *** BATCH CMD : identifyMPM 
Elapsed time =      0 sec.
// *** BATCH CMD : identifyMPM 
Elapsed time =      0 sec.
// *** BATCH CMD : assignFile -p 3 -file"D:\PFC\Nessy2.0\IOSerie\circuito_fpga_modifRestorer.bit"
'3': Loading file 'D:\PFC\Nessy2.0\IOSerie\circuito_fpga_modifRestorer.bit' ...
ERROR:Bitstream:87 - Bitstream has been corrupted.  Could not find column for   frame address 00000000000000000000000000000001
done.
INFO:iMPACT:501 - '3': Added Device xc2vp30 successfully.
----------------------------------------------------------------------
----------------------------------------------------------------------
----------------------------------------------------------------------
----------------------------------------------------------------------
// *** BATCH CMD : Program -p 3 
Chain TCK freq = 15000000.
Validating chain...
Boundary-scan chain validated successfully.
'3':Programming  device...
done.
'3': Reading status register contents...
CRC error                                         :         0
Decryptor security set                            :         0
DCM locked                                        :         1
DCI matched                                       :         1
legacy input error                                :         0
status of GTS_CFG_B                               :         1
status of GWE                                     :         1
status of GHIGH                                   :         1
value of MODE pin M0                              :         1
value of MODE pin M1                              :         1
value of MODE pin M2                              :         0
value of CFG_RDY (INIT_B)                         :         1
DONEIN input from DONE pin                        :         1
IDCODE not validated while trying to write FDRI   :         0
write FDRI issued before or after decrypt operation:         0
Decryptor keys not used in proper sequence        :         0
INFO:iMPACT:2219 - Status register values:
INFO:iMPACT - 0011 0111 1101 1000 0000 0000 0000 0000 
INFO:iMPACT:579 - '3': Completed downloading bit file to device.
INFO:iMPACT:580 - '3':Checking done pin ....done.
'3': Programmed successfully.
Elapsed time =      3 sec.
// *** BATCH CMD : quit
----------------------------------------------------------------------
----------------------------------------------------------------------
----------------------------------------------------------------------
----------------------------------------------------------------------
